10:23:10:738  INFO 30188 --- [main] com.hmall.cart.CartApplication           : Starting CartApplication using Java 17.0.15 on zoey-OMEN-Laptop-15-ek0xxx with PID 30188 (/mnt/nvme1n1p1/idea/IdeaProjects/hmall/cart-service/target/classes started by zoey in /mnt/nvme1n1p1/idea/IdeaProjects/hmall)
10:23:10:746 DEBUG 30188 --- [main] com.hmall.cart.CartApplication           : Running with Spring Boot v2.7.12, Spring v5.3.27
10:23:10:751  INFO 30188 --- [main] com.hmall.cart.CartApplication           : The following 1 profile is active: "local"
10:23:12:201  INFO 30188 --- [main] o.s.cloud.context.scope.GenericScope     : BeanFactory id=de0ed586-b383-314b-822b-179fba74ab4f
10:23:12:662  INFO 30188 --- [main] o.s.b.w.embedded.tomcat.TomcatWebServer  : Tomcat initialized with port(s): 8082 (http)
10:23:12:672  INFO 30188 --- [main] o.apache.catalina.core.StandardService   : Starting service [Tomcat]
10:23:12:673  INFO 30188 --- [main] org.apache.catalina.core.StandardEngine  : Starting Servlet engine: [Apache Tomcat/9.0.75]
10:23:12:791  INFO 30188 --- [main] o.a.c.c.C.[Tomcat].[localhost].[/]       : Initializing Spring embedded WebApplicationContext
10:23:12:791  INFO 30188 --- [main] w.s.c.ServletWebServerApplicationContext : Root WebApplicationContext: initialization completed in 1848 ms
10:23:13:108  INFO 30188 --- [main] o.s.c.openfeign.FeignClientFactoryBean   : For 'item-service' URL not provided. Will try picking an instance via load-balancing.
10:23:14:439  INFO 30188 --- [main] pertySourcedRequestMappingHandlerMapping : Mapped URL path [/v2/api-docs] onto method [springfox.documentation.swagger2.web.Swagger2ControllerWebMvc#getDocumentation(String, HttpServletRequest)]
10:23:14:697  INFO 30188 --- [main] com.alibaba.nacos.common.remote.client   : [RpcClientFactory] create a new rpc client of 017d73ef-6ad8-43da-94a3-69720eefbb96
10:23:14:753  INFO 30188 --- [main] org.reflections.Reflections              : Reflections took 30 ms to scan 1 urls, producing 3 keys and 6 values 
10:23:14:780  INFO 30188 --- [main] org.reflections.Reflections              : Reflections took 13 ms to scan 1 urls, producing 4 keys and 9 values 
10:23:14:793  INFO 30188 --- [main] org.reflections.Reflections              : Reflections took 11 ms to scan 1 urls, producing 3 keys and 10 values 
10:23:14:794  WARN 30188 --- [main] org.reflections.Reflections              : given scan urls are empty. set urls in the configuration
10:23:14:805  INFO 30188 --- [main] org.reflections.Reflections              : Reflections took 10 ms to scan 1 urls, producing 1 keys and 5 values 
10:23:14:814  INFO 30188 --- [main] org.reflections.Reflections              : Reflections took 8 ms to scan 1 urls, producing 1 keys and 7 values 
10:23:14:823  INFO 30188 --- [main] org.reflections.Reflections              : Reflections took 7 ms to scan 1 urls, producing 2 keys and 8 values 
10:23:14:825  WARN 30188 --- [main] org.reflections.Reflections              : given scan urls are empty. set urls in the configuration
10:23:14:826  INFO 30188 --- [main] com.alibaba.nacos.common.remote.client   : [017d73ef-6ad8-43da-94a3-69720eefbb96] RpcClient init label, labels = {module=naming, source=sdk}
10:23:14:827  INFO 30188 --- [main] com.alibaba.nacos.common.remote.client   : [017d73ef-6ad8-43da-94a3-69720eefbb96] RpcClient init, ServerListFactory = com.alibaba.nacos.client.naming.core.ServerListManager
10:23:14:828  INFO 30188 --- [main] com.alibaba.nacos.common.remote.client   : [017d73ef-6ad8-43da-94a3-69720eefbb96] Registry connection listener to current client:com.alibaba.nacos.client.naming.remote.gprc.redo.NamingGrpcRedoService
10:23:14:828  INFO 30188 --- [main] com.alibaba.nacos.common.remote.client   : [017d73ef-6ad8-43da-94a3-69720eefbb96] Register server push request handler:com.alibaba.nacos.client.naming.remote.gprc.NamingPushRequestHandler
10:23:14:829  INFO 30188 --- [main] com.alibaba.nacos.common.remote.client   : [017d73ef-6ad8-43da-94a3-69720eefbb96] Try to connect to server on start up, server: {serverIp = 'localhost', server main port = 8848}
10:23:15:480  INFO 30188 --- [main] com.alibaba.nacos.common.remote.client   : [017d73ef-6ad8-43da-94a3-69720eefbb96] Success to connect to server [localhost:8848] on start up, connectionId = 1750126995249_172.24.0.1_52756
10:23:15:481  INFO 30188 --- [com.alibaba.nacos.client.remote.worker] com.alibaba.nacos.common.remote.client   : [017d73ef-6ad8-43da-94a3-69720eefbb96] Notify connected event to listeners.
10:23:15:481  INFO 30188 --- [main] com.alibaba.nacos.common.remote.client   : [017d73ef-6ad8-43da-94a3-69720eefbb96] Register server push request handler:com.alibaba.nacos.common.remote.client.RpcClient$ConnectResetRequestHandler
10:23:15:482  INFO 30188 --- [main] com.alibaba.nacos.common.remote.client   : [017d73ef-6ad8-43da-94a3-69720eefbb96] Register server push request handler:com.alibaba.nacos.common.remote.client.RpcClient$$Lambda$1012/0x000070349080ca60
10:23:15:574  INFO 30188 --- [main] o.s.b.w.embedded.tomcat.TomcatWebServer  : Tomcat started on port(s): 8082 (http) with context path ''
10:23:15:601  INFO 30188 --- [main] c.a.c.n.registry.NacosServiceRegistry    : nacos registry, DEFAULT_GROUP cart-service 192.168.172.212:8082 register finished
10:23:15:610  INFO 30188 --- [main] d.s.w.p.DocumentationPluginsBootstrapper : Documentation plugins bootstrapped
10:23:15:614  INFO 30188 --- [main] d.s.w.p.DocumentationPluginsBootstrapper : Found 1 custom documentation plugin(s)
10:23:15:652  INFO 30188 --- [main] s.d.s.w.s.ApiListingReferenceScanner     : Scanning for api listing references
10:23:15:787  INFO 30188 --- [main] com.hmall.cart.CartApplication           : Started CartApplication in 6.503 seconds (JVM running for 8.089)
10:23:16:088  INFO 30188 --- [nacos-grpc-client-executor-10] com.alibaba.nacos.common.remote.client   : [017d73ef-6ad8-43da-94a3-69720eefbb96] Receive server push request, request = NotifySubscriberRequest, requestId = 1
10:23:16:093  INFO 30188 --- [nacos-grpc-client-executor-10] com.alibaba.nacos.common.remote.client   : [017d73ef-6ad8-43da-94a3-69720eefbb96] Ack server push request, request = NotifySubscriberRequest, requestId = 1
10:23:39:479  INFO 30188 --- [http-nio-0.0.0.0-8082-exec-1] o.a.c.c.C.[Tomcat].[localhost].[/]       : Initializing Spring DispatcherServlet 'dispatcherServlet'
10:23:39:480  INFO 30188 --- [http-nio-0.0.0.0-8082-exec-1] o.s.web.servlet.DispatcherServlet        : Initializing Servlet 'dispatcherServlet'
10:23:39:481  INFO 30188 --- [http-nio-0.0.0.0-8082-exec-1] o.s.web.servlet.DispatcherServlet        : Completed initialization in 1 ms
10:23:43:804  INFO 30188 --- [http-nio-0.0.0.0-8082-exec-9] com.zaxxer.hikari.HikariDataSource       : HikariPool-1 - Starting...
10:23:44:047  INFO 30188 --- [http-nio-0.0.0.0-8082-exec-9] com.zaxxer.hikari.HikariDataSource       : HikariPool-1 - Start completed.
10:23:44:057 DEBUG 30188 --- [http-nio-0.0.0.0-8082-exec-9] c.h.cart.mapper.CartMapper.selectList    : ==>  Preparing: SELECT id,user_id,item_id,num,name,spec,price,image,create_time,update_time FROM cart WHERE (user_id = ?)
10:23:44:081 DEBUG 30188 --- [http-nio-0.0.0.0-8082-exec-9] c.h.cart.mapper.CartMapper.selectList    : ==> Parameters: 1(Integer)
10:23:44:103 DEBUG 30188 --- [http-nio-0.0.0.0-8082-exec-9] c.h.cart.mapper.CartMapper.selectList    : <==      Total: 1
10:23:44:779  INFO 30188 --- [nacos-grpc-client-executor-24] com.alibaba.nacos.common.remote.client   : [017d73ef-6ad8-43da-94a3-69720eefbb96] Receive server push request, request = NotifySubscriberRequest, requestId = 3
10:23:44:779  INFO 30188 --- [nacos-grpc-client-executor-24] com.alibaba.nacos.common.remote.client   : [017d73ef-6ad8-43da-94a3-69720eefbb96] Ack server push request, request = NotifySubscriberRequest, requestId = 3
11:27:27:947  WARN 30188 --- [Thread-4] c.a.nacos.common.notify.NotifyCenter     : [NotifyCenter] Start destroying Publisher
11:27:27:947  WARN 30188 --- [Thread-7] c.a.n.common.http.HttpClientBeanHolder   : [HttpClientBeanHolder] Start destroying common HttpClient
11:27:27:955  WARN 30188 --- [Thread-4] c.a.nacos.common.notify.NotifyCenter     : [NotifyCenter] Destruction of the end
11:27:27:956  WARN 30188 --- [Thread-7] c.a.n.common.http.HttpClientBeanHolder   : [HttpClientBeanHolder] Destruction of the end
11:27:27:964  INFO 30188 --- [SpringApplicationShutdownHook] c.a.c.n.registry.NacosServiceRegistry    : De-registering from Nacos Server now...
11:27:27:967  INFO 30188 --- [SpringApplicationShutdownHook] c.a.c.n.registry.NacosServiceRegistry    : De-registration finished.
11:27:28:272  INFO 30188 --- [SpringApplicationShutdownHook] com.alibaba.nacos.common.remote.client   : Shutdown rpc client, set status to shutdown
11:27:28:272  INFO 30188 --- [SpringApplicationShutdownHook] com.alibaba.nacos.common.remote.client   : Shutdown client event executor java.util.concurrent.ScheduledThreadPoolExecutor@6d1af6da[Running, pool size = 2, active threads = 2, queued tasks = 0, completed tasks = 0]
11:27:28:272  INFO 30188 --- [SpringApplicationShutdownHook] com.alibaba.nacos.common.remote.client   : Close current connection 1750126995249_172.24.0.1_52756
11:27:28:278  INFO 30188 --- [nacos-grpc-client-executor-1240] c.a.n.c.remote.client.grpc.GrpcClient    : [1750126995249_172.24.0.1_52756]Ignore complete event,isRunning:false,isAbandon=false
11:27:28:298  INFO 30188 --- [SpringApplicationShutdownHook] c.a.n.c.remote.client.grpc.GrpcClient    : Shutdown grpc executor java.util.concurrent.ThreadPoolExecutor@99741eb[Running, pool size = 4, active threads = 0, queued tasks = 0, completed tasks = 1241]
11:27:28:313  INFO 30188 --- [SpringApplicationShutdownHook] com.zaxxer.hikari.HikariDataSource       : HikariPool-1 - Shutdown initiated...
11:27:28:333  INFO 30188 --- [SpringApplicationShutdownHook] com.zaxxer.hikari.HikariDataSource       : HikariPool-1 - Shutdown completed.
17:40:29:840  INFO 142820 --- [main] com.hmall.cart.CartApplication           : Starting CartApplication using Java 17.0.15 on zoey-OMEN-Laptop-15-ek0xxx with PID 142820 (/mnt/nvme1n1p1/idea/IdeaProjects/hmall/cart-service/target/classes started by zoey in /mnt/nvme1n1p1/idea/IdeaProjects/hmall)
17:40:29:849 DEBUG 142820 --- [main] com.hmall.cart.CartApplication           : Running with Spring Boot v2.7.12, Spring v5.3.27
17:40:29:850  INFO 142820 --- [main] com.hmall.cart.CartApplication           : The following 1 profile is active: "local"
17:40:30:588  INFO 142820 --- [main] o.s.cloud.context.scope.GenericScope     : BeanFactory id=d88609e6-2bca-3dff-8c95-b2957b3d60e0
17:40:30:884  INFO 142820 --- [main] o.s.b.w.embedded.tomcat.TomcatWebServer  : Tomcat initialized with port(s): 8082 (http)
17:40:30:890  INFO 142820 --- [main] o.apache.catalina.core.StandardService   : Starting service [Tomcat]
17:40:30:890  INFO 142820 --- [main] org.apache.catalina.core.StandardEngine  : Starting Servlet engine: [Apache Tomcat/9.0.75]
17:40:30:970  INFO 142820 --- [main] o.a.c.c.C.[Tomcat].[localhost].[/]       : Initializing Spring embedded WebApplicationContext
17:40:30:971  INFO 142820 --- [main] w.s.c.ServletWebServerApplicationContext : Root WebApplicationContext: initialization completed in 1080 ms
17:40:31:134  INFO 142820 --- [main] o.s.c.openfeign.FeignClientFactoryBean   : For 'item-service' URL not provided. Will try picking an instance via load-balancing.
17:40:31:786  INFO 142820 --- [main] pertySourcedRequestMappingHandlerMapping : Mapped URL path [/v2/api-docs] onto method [springfox.documentation.swagger2.web.Swagger2ControllerWebMvc#getDocumentation(String, HttpServletRequest)]
17:40:31:950  INFO 142820 --- [main] com.alibaba.nacos.common.remote.client   : [RpcClientFactory] create a new rpc client of ef4647f6-d9d0-4338-a122-6fc21ba8620e
17:40:31:994  INFO 142820 --- [main] org.reflections.Reflections              : Reflections took 23 ms to scan 1 urls, producing 3 keys and 6 values 
17:40:32:015  INFO 142820 --- [main] org.reflections.Reflections              : Reflections took 11 ms to scan 1 urls, producing 4 keys and 9 values 
17:40:32:026  INFO 142820 --- [main] org.reflections.Reflections              : Reflections took 9 ms to scan 1 urls, producing 3 keys and 10 values 
17:40:32:027  WARN 142820 --- [main] org.reflections.Reflections              : given scan urls are empty. set urls in the configuration
17:40:32:036  INFO 142820 --- [main] org.reflections.Reflections              : Reflections took 8 ms to scan 1 urls, producing 1 keys and 5 values 
17:40:32:046  INFO 142820 --- [main] org.reflections.Reflections              : Reflections took 9 ms to scan 1 urls, producing 1 keys and 7 values 
17:40:32:057  INFO 142820 --- [main] org.reflections.Reflections              : Reflections took 9 ms to scan 1 urls, producing 2 keys and 8 values 
17:40:32:058  WARN 142820 --- [main] org.reflections.Reflections              : given scan urls are empty. set urls in the configuration
17:40:32:059  INFO 142820 --- [main] com.alibaba.nacos.common.remote.client   : [ef4647f6-d9d0-4338-a122-6fc21ba8620e] RpcClient init label, labels = {module=naming, source=sdk}
17:40:32:060  INFO 142820 --- [main] com.alibaba.nacos.common.remote.client   : [ef4647f6-d9d0-4338-a122-6fc21ba8620e] RpcClient init, ServerListFactory = com.alibaba.nacos.client.naming.core.ServerListManager
17:40:32:060  INFO 142820 --- [main] com.alibaba.nacos.common.remote.client   : [ef4647f6-d9d0-4338-a122-6fc21ba8620e] Registry connection listener to current client:com.alibaba.nacos.client.naming.remote.gprc.redo.NamingGrpcRedoService
17:40:32:060  INFO 142820 --- [main] com.alibaba.nacos.common.remote.client   : [ef4647f6-d9d0-4338-a122-6fc21ba8620e] Register server push request handler:com.alibaba.nacos.client.naming.remote.gprc.NamingPushRequestHandler
17:40:32:062  INFO 142820 --- [main] com.alibaba.nacos.common.remote.client   : [ef4647f6-d9d0-4338-a122-6fc21ba8620e] Try to connect to server on start up, server: {serverIp = 'localhost', server main port = 8848}
17:40:32:587  INFO 142820 --- [main] com.alibaba.nacos.common.remote.client   : [ef4647f6-d9d0-4338-a122-6fc21ba8620e] Success to connect to server [localhost:8848] on start up, connectionId = 1750153232410_172.24.0.1_56986
17:40:32:588  INFO 142820 --- [com.alibaba.nacos.client.remote.worker] com.alibaba.nacos.common.remote.client   : [ef4647f6-d9d0-4338-a122-6fc21ba8620e] Notify connected event to listeners.
17:40:32:588  INFO 142820 --- [main] com.alibaba.nacos.common.remote.client   : [ef4647f6-d9d0-4338-a122-6fc21ba8620e] Register server push request handler:com.alibaba.nacos.common.remote.client.RpcClient$ConnectResetRequestHandler
17:40:32:588  INFO 142820 --- [main] com.alibaba.nacos.common.remote.client   : [ef4647f6-d9d0-4338-a122-6fc21ba8620e] Register server push request handler:com.alibaba.nacos.common.remote.client.RpcClient$$Lambda$1012/0x000077bb4880d820
17:40:32:629  INFO 142820 --- [main] o.s.b.w.embedded.tomcat.TomcatWebServer  : Tomcat started on port(s): 8082 (http) with context path ''
17:40:32:636  INFO 142820 --- [main] c.a.c.n.registry.NacosServiceRegistry    : nacos registry, DEFAULT_GROUP cart-service 192.168.172.212:8082 register finished
17:40:32:640  INFO 142820 --- [main] d.s.w.p.DocumentationPluginsBootstrapper : Documentation plugins bootstrapped
17:40:32:642  INFO 142820 --- [main] d.s.w.p.DocumentationPluginsBootstrapper : Found 1 custom documentation plugin(s)
17:40:32:659  INFO 142820 --- [main] s.d.s.w.s.ApiListingReferenceScanner     : Scanning for api listing references
17:40:32:757  INFO 142820 --- [main] com.hmall.cart.CartApplication           : Started CartApplication in 3.339 seconds (JVM running for 3.77)
17:40:33:150  INFO 142820 --- [nacos-grpc-client-executor-11] com.alibaba.nacos.common.remote.client   : [ef4647f6-d9d0-4338-a122-6fc21ba8620e] Receive server push request, request = NotifySubscriberRequest, requestId = 7
17:40:33:152  INFO 142820 --- [nacos-grpc-client-executor-11] com.alibaba.nacos.common.remote.client   : [ef4647f6-d9d0-4338-a122-6fc21ba8620e] Ack server push request, request = NotifySubscriberRequest, requestId = 7
17:41:51:788  INFO 142820 --- [http-nio-0.0.0.0-8082-exec-2] o.a.c.c.C.[Tomcat].[localhost].[/]       : Initializing Spring DispatcherServlet 'dispatcherServlet'
17:41:51:789  INFO 142820 --- [http-nio-0.0.0.0-8082-exec-2] o.s.web.servlet.DispatcherServlet        : Initializing Servlet 'dispatcherServlet'
17:41:51:791  INFO 142820 --- [http-nio-0.0.0.0-8082-exec-2] o.s.web.servlet.DispatcherServlet        : Completed initialization in 2 ms
